[07-10-2023 18:37:47.239 INFO com.vmo.demowebshop.helper.Log] - Enter URL
[07-10-2023 18:39:18.724 INFO com.vmo.demowebshop.helper.Log] - Click book: Computing and Internet
[07-10-2023 18:39:18.754 INFO com.vmo.demowebshop.helper.Log] - ---------- TC02_BuyBookHighestRated FAILED test ----------
[07-10-2023 18:39:19.183 INFO com.vmo.demowebshop.helper.Log] - Close driver
[07-10-2023 18:40:38.958 INFO com.vmo.demowebshop.helper.Log] - Enter URL
[07-10-2023 18:43:20.447 INFO com.vmo.demowebshop.helper.Log] - Click book: Computing and Internet
[07-10-2023 18:43:20.483 INFO com.vmo.demowebshop.helper.Log] - Verify increase quantity.
[07-10-2023 18:44:03.716 INFO com.vmo.demowebshop.helper.Log] - Enter URL
[07-10-2023 18:51:31.932 INFO com.vmo.demowebshop.helper.Log] - Click book: Computing and Internet
[07-10-2023 18:51:49.834 INFO com.vmo.demowebshop.helper.Log] - Verify increase quantity.
[07-10-2023 18:52:27.286 INFO com.vmo.demowebshop.helper.Log] - ---------- TC02_BuyBookHighestRated FAILED test ----------
[07-10-2023 18:52:28.956 INFO com.vmo.demowebshop.helper.Log] - Close driver
[07-10-2023 18:53:12.277 INFO com.vmo.demowebshop.helper.Log] - Enter URL
[07-10-2023 20:25:16.365 INFO com.vmo.demowebshop.helper.Log] - Enter URL
[07-10-2023 20:26:47.876 INFO com.vmo.demowebshop.helper.Log] - Click book: Computing and Internet
[07-10-2023 20:26:47.910 INFO com.vmo.demowebshop.helper.Log] - ---------- TC02_BuyBookHighestRated FAILED test ----------
[07-10-2023 20:26:48.530 INFO com.vmo.demowebshop.helper.Log] - Close driver
[07-10-2023 20:49:35.178 INFO com.vmo.demowebshop.helper.Log] - Enter URL
[07-10-2023 20:51:06.794 INFO com.vmo.demowebshop.helper.Log] - Click book: Computing and Internet
[07-10-2023 20:51:06.821 INFO com.vmo.demowebshop.helper.Log] - ---------- TC02_BuyBookHighestRated FAILED test ----------
[07-10-2023 20:51:07.339 INFO com.vmo.demowebshop.helper.Log] - Close driver
[07-10-2023 20:54:59.818 INFO com.vmo.demowebshop.helper.Log] - Enter URL
[07-10-2023 20:56:31.485 INFO com.vmo.demowebshop.helper.Log] - Click book: Computing and Internet
[07-10-2023 20:56:31.509 INFO com.vmo.demowebshop.helper.Log] - ---------- TC02_BuyBookHighestRated FAILED test ----------
[07-10-2023 20:56:32.043 INFO com.vmo.demowebshop.helper.Log] - Close driver
[07-10-2023 21:04:51.546 INFO com.vmo.demowebshop.helper.Log] - Enter URL
[07-10-2023 21:06:22.996 INFO com.vmo.demowebshop.helper.Log] - Click book: Computing and Internet
[07-10-2023 21:06:23.029 INFO com.vmo.demowebshop.helper.Log] - ---------- TC02_BuyBookHighestRated FAILED test ----------
[07-10-2023 21:06:23.530 INFO com.vmo.demowebshop.helper.Log] - Close driver
[07-10-2023 21:11:07.493 INFO com.vmo.demowebshop.helper.Log] - Enter URL
[07-10-2023 21:12:08.994 INFO com.vmo.demowebshop.helper.Log] - Click book: Computing and Internet
[07-10-2023 21:12:09.025 INFO com.vmo.demowebshop.helper.Log] - ---------- TC02_BuyBookHighestRated FAILED test ----------
[07-10-2023 21:12:09.641 INFO com.vmo.demowebshop.helper.Log] - Close driver
[07-10-2023 21:14:33.093 INFO com.vmo.demowebshop.helper.Log] - Enter URL
[07-10-2023 21:15:34.516 INFO com.vmo.demowebshop.helper.Log] - Click book: Computing and Internet
[07-10-2023 21:15:34.542 INFO com.vmo.demowebshop.helper.Log] - ---------- TC02_BuyBookHighestRated FAILED test ----------
[07-10-2023 21:15:34.991 INFO com.vmo.demowebshop.helper.Log] - Close driver
[07-10-2023 21:16:12.879 INFO com.vmo.demowebshop.helper.Log] - Enter URL
[07-10-2023 21:19:45.240 INFO com.vmo.demowebshop.helper.Log] - Click book: Computing and Internet
[07-10-2023 21:19:48.029 INFO com.vmo.demowebshop.helper.Log] - Verify increase quantity.
[07-10-2023 21:19:50.357 INFO com.vmo.demowebshop.helper.Log] - Click book: Health Book
[07-10-2023 21:19:50.993 INFO com.vmo.demowebshop.helper.Log] - Close driver
[07-10-2023 21:20:21.740 INFO com.vmo.demowebshop.helper.Log] - Enter URL
[07-10-2023 21:20:46.369 INFO com.vmo.demowebshop.helper.Log] - ---------- TC02_BuyBookHighestRated FAILED test ----------
[07-10-2023 21:20:46.688 INFO com.vmo.demowebshop.helper.Log] - Close driver
[07-10-2023 21:22:13.915 INFO com.vmo.demowebshop.helper.Log] - Enter URL
[07-10-2023 21:23:15.280 INFO com.vmo.demowebshop.helper.Log] - Click book: Computing and Internet
[07-10-2023 21:23:15.301 INFO com.vmo.demowebshop.helper.Log] - ---------- TC02_BuyBookHighestRated FAILED test ----------
[07-10-2023 21:23:15.696 INFO com.vmo.demowebshop.helper.Log] - Close driver
[07-10-2023 21:24:29.009 INFO com.vmo.demowebshop.helper.Log] - Enter URL
[07-10-2023 21:25:30.450 INFO com.vmo.demowebshop.helper.Log] - Click book: Computing and Internet
[07-10-2023 21:25:30.477 INFO com.vmo.demowebshop.helper.Log] - ---------- TC02_BuyBookHighestRated FAILED test ----------
[07-10-2023 21:25:30.907 INFO com.vmo.demowebshop.helper.Log] - Close driver
[07-10-2023 21:26:12.691 INFO com.vmo.demowebshop.helper.Log] - Enter URL
[07-10-2023 21:27:14.084 INFO com.vmo.demowebshop.helper.Log] - Click book: Computing and Internet
[07-10-2023 21:27:14.112 INFO com.vmo.demowebshop.helper.Log] - ---------- TC02_BuyBookHighestRated FAILED test ----------
[07-10-2023 21:29:59.179 INFO com.vmo.demowebshop.helper.Log] - Enter URL
[07-10-2023 21:31:00.597 INFO com.vmo.demowebshop.helper.Log] - Click book: Computing and Internet
[07-10-2023 21:31:00.624 INFO com.vmo.demowebshop.helper.Log] - ---------- TC02_BuyBookHighestRated FAILED test ----------
[07-10-2023 21:34:59.798 INFO com.vmo.demowebshop.helper.Log] - Enter URL
[07-10-2023 21:36:01.197 INFO com.vmo.demowebshop.helper.Log] - Click book: Computing and Internet
[07-10-2023 21:36:01.225 INFO com.vmo.demowebshop.helper.Log] - ---------- TC02_BuyBookHighestRated FAILED test ----------
[07-10-2023 21:36:40.782 INFO com.vmo.demowebshop.helper.Log] - Enter URL
[07-10-2023 21:38:19.162 INFO com.vmo.demowebshop.helper.Log] - Click book: Computing and Internet
[07-10-2023 21:39:35.722 INFO com.vmo.demowebshop.helper.Log] - Verify increase quantity.
[07-10-2023 21:39:48.954 INFO com.vmo.demowebshop.helper.Log] - Enter URL
[07-10-2023 21:40:50.434 INFO com.vmo.demowebshop.helper.Log] - Click book: Computing and Internet
[07-10-2023 21:40:50.466 INFO com.vmo.demowebshop.helper.Log] - ---------- TC02_BuyBookHighestRated FAILED test ----------
[07-10-2023 21:41:11.925 INFO com.vmo.demowebshop.helper.Log] - Enter URL
[07-10-2023 21:42:13.541 INFO com.vmo.demowebshop.helper.Log] - Click book: Computing and Internet
[07-10-2023 21:42:51.064 INFO com.vmo.demowebshop.helper.Log] - ---------- TC02_BuyBookHighestRated FAILED test ----------
[07-10-2023 21:46:53.790 INFO com.vmo.demowebshop.helper.Log] - Enter URL
[07-10-2023 21:47:55.232 INFO com.vmo.demowebshop.helper.Log] - Click book: Computing and Internet
[07-10-2023 21:47:55.264 INFO com.vmo.demowebshop.helper.Log] - ---------- TC02_BuyBookHighestRated FAILED test ----------
[07-10-2023 21:48:29.784 INFO com.vmo.demowebshop.helper.Log] - Enter URL
[07-10-2023 21:49:31.243 INFO com.vmo.demowebshop.helper.Log] - Click book: Computing and Internet
[07-10-2023 21:50:40.068 INFO com.vmo.demowebshop.helper.Log] - ---------- TC02_BuyBookHighestRated FAILED test ----------
[07-10-2023 21:50:53.044 INFO com.vmo.demowebshop.helper.Log] - Enter URL
[07-10-2023 21:51:24.502 INFO com.vmo.demowebshop.helper.Log] - Click book: Computing and Internet
[07-10-2023 21:51:24.524 INFO com.vmo.demowebshop.helper.Log] - ---------- TC02_BuyBookHighestRated FAILED test ----------
[07-10-2023 21:51:41.736 INFO com.vmo.demowebshop.helper.Log] - Enter URL
[07-10-2023 21:52:13.171 INFO com.vmo.demowebshop.helper.Log] - Click book: Computing and Internet
[07-10-2023 21:52:13.197 INFO com.vmo.demowebshop.helper.Log] - ---------- TC02_BuyBookHighestRated FAILED test ----------
[07-10-2023 21:52:53.909 INFO com.vmo.demowebshop.helper.Log] - Enter URL
[07-10-2023 21:54:05.803 INFO com.vmo.demowebshop.helper.Log] - Click book: Computing and Internet
[07-10-2023 21:54:20.164 INFO com.vmo.demowebshop.helper.Log] - Verify increase quantity.
[07-10-2023 21:54:25.190 INFO com.vmo.demowebshop.helper.Log] - Click book: Health Book
[07-10-2023 21:57:09.661 INFO com.vmo.demowebshop.helper.Log] - Enter URL
[07-10-2023 21:57:41.250 INFO com.vmo.demowebshop.helper.Log] - Click book: Computing and Internet
[07-10-2023 21:57:41.311 INFO com.vmo.demowebshop.helper.Log] - ---------- TC02_BuyBookHighestRated FAILED test ----------
[07-10-2023 22:08:47.889 INFO com.vmo.demowebshop.helper.Log] - Enter URL
[07-10-2023 22:09:19.395 INFO com.vmo.demowebshop.helper.Log] - Click book: Computing and Internet
[07-10-2023 22:09:20.249 INFO com.vmo.demowebshop.helper.Log] - ---------- TC02_BuyBookHighestRated FAILED test ----------
[07-10-2023 22:09:53.386 INFO com.vmo.demowebshop.helper.Log] - Enter URL
[07-10-2023 22:10:24.868 INFO com.vmo.demowebshop.helper.Log] - Click book: Computing and Internet
[07-10-2023 22:11:20.811 INFO com.vmo.demowebshop.helper.Log] - ---------- TC02_BuyBookHighestRated FAILED test ----------
[07-10-2023 22:12:20.593 INFO com.vmo.demowebshop.helper.Log] - Enter URL
[07-10-2023 22:12:51.997 INFO com.vmo.demowebshop.helper.Log] - Click book: Computing and Internet
[07-10-2023 22:12:52.830 INFO com.vmo.demowebshop.helper.Log] - ---------- TC02_BuyBookHighestRated FAILED test ----------
[07-10-2023 22:13:39.880 INFO com.vmo.demowebshop.helper.Log] - Enter URL
[07-10-2023 22:15:11.324 INFO com.vmo.demowebshop.helper.Log] - Click book: Computing and Internet
[07-10-2023 22:15:12.681 INFO com.vmo.demowebshop.helper.Log] - ---------- TC02_BuyBookHighestRated FAILED test ----------
[07-10-2023 22:20:32.494 INFO com.vmo.demowebshop.helper.Log] - ---------- TC02_BuyBookHighestRated FAILED test ----------
[07-10-2023 22:21:01.183 INFO com.vmo.demowebshop.helper.Log] - Enter URL
[07-10-2023 22:21:05.456 INFO com.vmo.demowebshop.helper.Log] - ---------- TC02_BuyBookHighestRated FAILED test ----------
[07-10-2023 22:21:45.277 INFO com.vmo.demowebshop.helper.Log] - Enter URL
[07-10-2023 22:23:16.699 INFO com.vmo.demowebshop.helper.Log] - Click book: Computing and Internet
[07-10-2023 22:23:17.587 INFO com.vmo.demowebshop.helper.Log] - Verify increase quantity after click the 1st book
[07-10-2023 22:23:17.626 INFO com.vmo.demowebshop.helper.Log] - Click book: Health Book
[07-10-2023 22:23:17.677 INFO com.vmo.demowebshop.helper.Log] - ---------- TC02_BuyBookHighestRated FAILED test ----------
[07-10-2023 22:24:15.489 INFO com.vmo.demowebshop.helper.Log] - Enter URL
[07-10-2023 22:25:46.901 INFO com.vmo.demowebshop.helper.Log] - Click book: Computing and Internet
[07-10-2023 22:25:47.762 INFO com.vmo.demowebshop.helper.Log] - Verify increase quantity after click the 1st book
[07-10-2023 22:25:47.802 INFO com.vmo.demowebshop.helper.Log] - Click book: Health Book
[07-10-2023 22:25:47.854 INFO com.vmo.demowebshop.helper.Log] - ---------- TC02_BuyBookHighestRated FAILED test ----------
[07-10-2023 22:26:34.112 INFO com.vmo.demowebshop.helper.Log] - Enter URL
[07-10-2023 22:28:05.519 INFO com.vmo.demowebshop.helper.Log] - Click book: Computing and Internet
[07-10-2023 22:28:50.778 INFO com.vmo.demowebshop.helper.Log] - ---------- TC02_BuyBookHighestRated FAILED test ----------
[07-10-2023 22:29:39.204 INFO com.vmo.demowebshop.helper.Log] - Enter URL
[07-10-2023 22:31:10.565 INFO com.vmo.demowebshop.helper.Log] - Click book: Computing and Internet
[07-10-2023 22:31:11.436 INFO com.vmo.demowebshop.helper.Log] - Verify increase quantity after click the 1st book
[07-10-2023 22:31:11.473 INFO com.vmo.demowebshop.helper.Log] - Click book: Health Book
[07-10-2023 22:32:04.624 INFO com.vmo.demowebshop.helper.Log] - ---------- TC02_BuyBookHighestRated FAILED test ----------
[07-10-2023 22:33:25.676 INFO com.vmo.demowebshop.helper.Log] - Enter URL
[07-10-2023 22:34:57.076 INFO com.vmo.demowebshop.helper.Log] - Click book: Computing and Internet
[07-10-2023 22:34:57.983 INFO com.vmo.demowebshop.helper.Log] - Verify increase quantity after click the 1st book
[07-10-2023 22:34:58.022 INFO com.vmo.demowebshop.helper.Log] - Click book: Health Book
[07-10-2023 22:34:58.075 INFO com.vmo.demowebshop.helper.Log] - ---------- TC02_BuyBookHighestRated FAILED test ----------
[07-10-2023 22:37:51.651 INFO com.vmo.demowebshop.helper.Log] - Enter URL
[07-10-2023 22:39:23.164 INFO com.vmo.demowebshop.helper.Log] - Click book: Computing and Internet
[07-10-2023 22:39:24.050 INFO com.vmo.demowebshop.helper.Log] - Verify increase quantity after click the 1st book
[07-10-2023 22:39:24.092 INFO com.vmo.demowebshop.helper.Log] - Click book: Health Book
[07-10-2023 22:39:24.152 INFO com.vmo.demowebshop.helper.Log] - ---------- TC02_BuyBookHighestRated FAILED test ----------
[08-10-2023 08:32:36.031 INFO com.vmo.demowebshop.helper.Log] - Enter URL
[08-10-2023 08:34:07.517 INFO com.vmo.demowebshop.helper.Log] - Click book: Computing and Internet
[08-10-2023 08:34:08.430 INFO com.vmo.demowebshop.helper.Log] - Verify increase quantity after click the 1st book
[08-10-2023 08:34:08.467 INFO com.vmo.demowebshop.helper.Log] - Click book: Health Book
[08-10-2023 08:34:08.530 INFO com.vmo.demowebshop.helper.Log] - ---------- TC02_BuyBookHighestRated FAILED test ----------
[08-10-2023 08:34:45.463 INFO com.vmo.demowebshop.helper.Log] - Enter URL
[08-10-2023 08:36:16.929 INFO com.vmo.demowebshop.helper.Log] - Click book: Computing and Internet
[08-10-2023 08:36:17.875 INFO com.vmo.demowebshop.helper.Log] - Verify increase quantity after click the 1st book
[08-10-2023 08:36:17.911 INFO com.vmo.demowebshop.helper.Log] - Click book: Health Book
[08-10-2023 08:36:17.972 INFO com.vmo.demowebshop.helper.Log] - Verify increase quantity after click the 2nd book
[08-10-2023 08:36:18.163 INFO com.vmo.demowebshop.helper.Log] - ---------- TC02_BuyBookHighestRated FAILED test ----------
[08-10-2023 08:36:48.527 INFO com.vmo.demowebshop.helper.Log] - Enter URL
[08-10-2023 08:38:20.021 INFO com.vmo.demowebshop.helper.Log] - Click book: Computing and Internet
[08-10-2023 08:38:21.035 INFO com.vmo.demowebshop.helper.Log] - Verify increase quantity after click the 1st book
[08-10-2023 08:38:21.070 INFO com.vmo.demowebshop.helper.Log] - Click book: Health Book
[08-10-2023 08:38:21.130 INFO com.vmo.demowebshop.helper.Log] - Verify increase quantity after click the 2nd book
[08-10-2023 08:45:08.790 INFO com.vmo.demowebshop.helper.Log] - ---------- TC02_BuyBookHighestRated FAILED test ----------
[08-10-2023 08:45:20.875 INFO com.vmo.demowebshop.helper.Log] - Enter URL
[08-10-2023 08:46:52.322 INFO com.vmo.demowebshop.helper.Log] - Click book: Computing and Internet
[08-10-2023 08:47:56.311 INFO com.vmo.demowebshop.helper.Log] - ---------- TC02_BuyBookHighestRated FAILED test ----------
[08-10-2023 13:09:31.589 INFO com.vmo.demowebshop.helper.Log] - Enter URL
[08-10-2023 13:10:02.805 INFO com.vmo.demowebshop.helper.Log] - ---------- TC02_BuyBookHighestRated FAILED test ----------
[08-10-2023 13:12:41.293 INFO com.vmo.demowebshop.helper.Log] - Enter URL
[08-10-2023 13:14:02.436 INFO com.vmo.demowebshop.helper.Log] - Enter URL
[08-10-2023 13:14:58.373 INFO com.vmo.demowebshop.helper.Log] - ---------- TC02_BuyBookHighestRated FAILED test ----------
[08-10-2023 13:25:16.311 INFO com.vmo.demowebshop.helper.Log] - Enter URL
[08-10-2023 13:25:47.600 INFO com.vmo.demowebshop.helper.Log] - ---------- TC02_BuyBookHighestRated FAILED test ----------
[08-10-2023 13:27:09.308 INFO com.vmo.demowebshop.helper.Log] - Enter URL
[08-10-2023 13:30:17.384 INFO com.vmo.demowebshop.helper.Log] - Enter URL
[08-10-2023 13:33:04.285 INFO com.vmo.demowebshop.helper.Log] - Enter URL
[08-10-2023 13:33:35.977 INFO com.vmo.demowebshop.helper.Log] - ---------- TC02_BuyBookHighestRated FAILED test ----------
[08-10-2023 13:36:03.915 INFO com.vmo.demowebshop.helper.Log] - Enter URL
[08-10-2023 13:44:50.585 INFO com.vmo.demowebshop.helper.Log] - Enter URL
[08-10-2023 13:46:48.590 INFO com.vmo.demowebshop.helper.Log] - Enter URL
[08-10-2023 13:54:36.943 INFO com.vmo.demowebshop.helper.Log] - Enter URL
[08-10-2023 13:55:29.799 INFO com.vmo.demowebshop.helper.Log] - Enter URL
[08-10-2023 13:57:41.970 INFO com.vmo.demowebshop.helper.Log] - Enter URL
[08-10-2023 13:58:13.304 INFO com.vmo.demowebshop.helper.Log] - ---------- TC02_BuyBookHighestRated FAILED test ----------
[08-10-2023 13:58:53.196 INFO com.vmo.demowebshop.helper.Log] - Enter URL
[08-10-2023 14:01:54.651 INFO com.vmo.demowebshop.helper.Log] - ---------- TC02_BuyBookHighestRated FAILED test ----------
[08-10-2023 14:03:03.256 INFO com.vmo.demowebshop.helper.Log] - Enter URL
[08-10-2023 14:04:48.339 INFO com.vmo.demowebshop.helper.Log] - ---------- TC02_BuyBookHighestRated FAILED test ----------
[08-10-2023 14:05:02.208 INFO com.vmo.demowebshop.helper.Log] - Enter URL
[08-10-2023 14:05:34.129 INFO com.vmo.demowebshop.helper.Log] - ---------- TC02_BuyBookHighestRated FAILED test ----------
[08-10-2023 14:06:09.026 INFO com.vmo.demowebshop.helper.Log] - Enter URL
[08-10-2023 14:06:56.275 INFO com.vmo.demowebshop.helper.Log] - ---------- TC02_BuyBookHighestRated FAILED test ----------
[08-10-2023 14:07:10.918 INFO com.vmo.demowebshop.helper.Log] - Enter URL
[08-10-2023 14:08:27.699 INFO com.vmo.demowebshop.helper.Log] - ---------- TC02_BuyBookHighestRated FAILED test ----------
[08-10-2023 14:08:41.623 INFO com.vmo.demowebshop.helper.Log] - Enter URL
[08-10-2023 14:14:43.876 INFO com.vmo.demowebshop.helper.Log] - Enter URL
[08-10-2023 14:15:15.037 INFO com.vmo.demowebshop.helper.Log] - ---------- TC02_BuyBookHighestRated FAILED test ----------
[08-10-2023 14:18:53.363 INFO com.vmo.demowebshop.helper.Log] - Enter URL
[08-10-2023 14:19:24.558 INFO com.vmo.demowebshop.helper.Log] - ---------- TC02_BuyBookHighestRated FAILED test ----------
[08-10-2023 14:25:32.965 INFO com.vmo.demowebshop.helper.Log] - Enter URL
[08-10-2023 14:25:40.349 INFO com.vmo.demowebshop.helper.Log] - ---------- TC02_BuyBookHighestRated FAILED test ----------
[08-10-2023 14:26:12.625 INFO com.vmo.demowebshop.helper.Log] - Enter URL
[08-10-2023 14:28:00.302 INFO com.vmo.demowebshop.helper.Log] - Enter URL
[08-10-2023 14:28:07.830 INFO com.vmo.demowebshop.helper.Log] - ---------- TC02_BuyBookHighestRated FAILED test ----------
[08-10-2023 14:31:15.014 INFO com.vmo.demowebshop.helper.Log] - Enter URL
[08-10-2023 14:31:19.420 INFO com.vmo.demowebshop.helper.Log] - Click book: Fiction
[08-10-2023 14:31:20.330 INFO com.vmo.demowebshop.helper.Log] - Verify increase quantity after click the 1st book
[08-10-2023 14:31:20.401 INFO com.vmo.demowebshop.helper.Log] - Click book: Health Book
[08-10-2023 14:31:20.470 INFO com.vmo.demowebshop.helper.Log] - Verify increase quantity after click the 2nd book
[08-10-2023 14:31:20.690 INFO com.vmo.demowebshop.helper.Log] - ---------- TC02_BuyBookHighestRated FAILED test ----------
[08-10-2023 14:33:20.304 INFO com.vmo.demowebshop.helper.Log] - Enter URL
[08-10-2023 14:33:25.417 INFO com.vmo.demowebshop.helper.Log] - Click book: Computing and Internet
[08-10-2023 14:33:25.849 INFO com.vmo.demowebshop.helper.Log] - Verify increase quantity after click the 1st book
[08-10-2023 14:33:25.897 INFO com.vmo.demowebshop.helper.Log] - Click book: Health Book
[08-10-2023 14:33:26.026 INFO com.vmo.demowebshop.helper.Log] - Verify increase quantity after click the 2nd book
[08-10-2023 14:33:26.281 INFO com.vmo.demowebshop.helper.Log] - ---------- TC02_BuyBookHighestRated FAILED test ----------
[08-10-2023 14:38:06.641 INFO com.vmo.demowebshop.helper.Log] - Enter URL
[08-10-2023 14:38:11.464 INFO com.vmo.demowebshop.helper.Log] - Click book: Computing and Internet
[08-10-2023 14:38:12.369 INFO com.vmo.demowebshop.helper.Log] - Verify increase quantity after click the 1st book
[08-10-2023 14:38:12.409 INFO com.vmo.demowebshop.helper.Log] - Click book: Health Book
[08-10-2023 14:38:12.487 INFO com.vmo.demowebshop.helper.Log] - Verify increase quantity after click the 2nd book
[08-10-2023 14:42:43.173 INFO com.vmo.demowebshop.helper.Log] - Enter URL
[08-10-2023 14:42:47.704 INFO com.vmo.demowebshop.helper.Log] - Click book: Computing and Internet
[08-10-2023 14:42:48.602 INFO com.vmo.demowebshop.helper.Log] - Verify increase quantity after click the 1st book
[08-10-2023 14:42:48.671 INFO com.vmo.demowebshop.helper.Log] - Click book: Health Book
[08-10-2023 14:42:48.769 INFO com.vmo.demowebshop.helper.Log] - Verify increase quantity after click the 2nd book
[08-10-2023 14:42:49.114 INFO com.vmo.demowebshop.helper.Log] - ---------- TC02_BuyBookHighestRated FAILED test ----------
[08-10-2023 14:43:34.792 INFO com.vmo.demowebshop.helper.Log] - Enter URL
[08-10-2023 14:43:39.262 INFO com.vmo.demowebshop.helper.Log] - Click book: Computing and Internet
[08-10-2023 14:43:40.127 INFO com.vmo.demowebshop.helper.Log] - Verify increase quantity after click the 1st book
[08-10-2023 14:43:40.207 INFO com.vmo.demowebshop.helper.Log] - Click book: Health Book
[08-10-2023 14:43:40.284 INFO com.vmo.demowebshop.helper.Log] - Verify increase quantity after click the 2nd book
[08-10-2023 14:44:46.402 INFO com.vmo.demowebshop.helper.Log] - ---------- TC02_BuyBookHighestRated FAILED test ----------
[08-10-2023 14:45:58.315 INFO com.vmo.demowebshop.helper.Log] - Enter URL
[08-10-2023 14:46:02.783 INFO com.vmo.demowebshop.helper.Log] - Click book: Computing and Internet
[08-10-2023 14:46:03.651 INFO com.vmo.demowebshop.helper.Log] - Verify increase quantity after click the 1st book
[08-10-2023 14:46:03.706 INFO com.vmo.demowebshop.helper.Log] - Click book: Health Book
[08-10-2023 14:46:03.824 INFO com.vmo.demowebshop.helper.Log] - Verify increase quantity after click the 2nd book
[08-10-2023 14:46:04.103 INFO com.vmo.demowebshop.helper.Log] - ---------- TC02_BuyBookHighestRated FAILED test ----------
[08-10-2023 14:46:54.236 INFO com.vmo.demowebshop.helper.Log] - Enter URL
[08-10-2023 14:46:58.766 INFO com.vmo.demowebshop.helper.Log] - Click book: Computing and Internet
[08-10-2023 14:46:59.639 INFO com.vmo.demowebshop.helper.Log] - Verify increase quantity after click the 1st book
[08-10-2023 14:46:59.678 INFO com.vmo.demowebshop.helper.Log] - Click book: Health Book
[08-10-2023 14:46:59.776 INFO com.vmo.demowebshop.helper.Log] - Verify increase quantity after click the 2nd book
[08-10-2023 14:47:00.001 INFO com.vmo.demowebshop.helper.Log] - ---------- TC02_BuyBookHighestRated FAILED test ----------
[08-10-2023 14:51:02.396 INFO com.vmo.demowebshop.helper.Log] - Enter URL
[08-10-2023 14:51:06.870 INFO com.vmo.demowebshop.helper.Log] - Click book: Computing and Internet
[08-10-2023 14:51:07.712 INFO com.vmo.demowebshop.helper.Log] - Verify increase quantity after click the 1st book
[08-10-2023 14:51:07.772 INFO com.vmo.demowebshop.helper.Log] - Click book: Health Book
[08-10-2023 14:51:07.887 INFO com.vmo.demowebshop.helper.Log] - Verify increase quantity after click the 2nd book
[08-10-2023 14:51:08.162 INFO com.vmo.demowebshop.helper.Log] - ---------- TC02_BuyBookHighestRated FAILED test ----------
[08-10-2023 15:03:59.194 INFO com.vmo.demowebshop.helper.Log] - Enter URL
[08-10-2023 15:04:03.732 INFO com.vmo.demowebshop.helper.Log] - Click book: Computing and Internet
[08-10-2023 15:04:04.587 INFO com.vmo.demowebshop.helper.Log] - Verify increase quantity after click the 1st book
[08-10-2023 15:04:04.656 INFO com.vmo.demowebshop.helper.Log] - Click book: Health Book
[08-10-2023 15:04:04.749 INFO com.vmo.demowebshop.helper.Log] - Verify increase quantity after click the 2nd book
[08-10-2023 15:04:05.066 INFO com.vmo.demowebshop.helper.Log] - ---------- TC02_BuyBookHighestRated FAILED test ----------
[08-10-2023 15:04:48.243 INFO com.vmo.demowebshop.helper.Log] - Enter URL
[08-10-2023 15:04:52.807 INFO com.vmo.demowebshop.helper.Log] - Click book: Computing and Internet
[08-10-2023 15:04:53.629 INFO com.vmo.demowebshop.helper.Log] - Verify increase quantity after click the 1st book
[08-10-2023 15:04:53.700 INFO com.vmo.demowebshop.helper.Log] - Click book: Health Book
[08-10-2023 15:04:53.832 INFO com.vmo.demowebshop.helper.Log] - Verify increase quantity after click the 2nd book
[08-10-2023 15:04:54.161 INFO com.vmo.demowebshop.helper.Log] - ---------- TC02_BuyBookHighestRated FAILED test ----------
[08-10-2023 15:05:45.216 INFO com.vmo.demowebshop.helper.Log] - Enter URL
[08-10-2023 15:05:49.673 INFO com.vmo.demowebshop.helper.Log] - Click book: Computing and Internet
[08-10-2023 15:05:50.545 INFO com.vmo.demowebshop.helper.Log] - Verify increase quantity after click the 1st book
[08-10-2023 15:05:50.608 INFO com.vmo.demowebshop.helper.Log] - Click book: Health Book
[08-10-2023 15:05:50.730 INFO com.vmo.demowebshop.helper.Log] - Verify increase quantity after click the 2nd book
[08-10-2023 15:05:51.105 INFO com.vmo.demowebshop.helper.Log] - ---------- TC02_BuyBookHighestRated FAILED test ----------
[08-10-2023 15:09:03.546 INFO com.vmo.demowebshop.helper.Log] - Enter URL
[08-10-2023 15:09:08.976 INFO com.vmo.demowebshop.helper.Log] - Click book: Computing and Internet
[08-10-2023 15:09:09.404 INFO com.vmo.demowebshop.helper.Log] - Verify increase quantity after click the 1st book
[08-10-2023 15:09:09.467 INFO com.vmo.demowebshop.helper.Log] - Click book: Health Book
[08-10-2023 15:09:09.539 INFO com.vmo.demowebshop.helper.Log] - Verify increase quantity after click the 2nd book
[08-10-2023 15:09:09.876 INFO com.vmo.demowebshop.helper.Log] - ---------- TC02_BuyBookHighestRated FAILED test ----------
[08-10-2023 15:11:04.481 INFO com.vmo.demowebshop.helper.Log] - Enter URL
[08-10-2023 15:11:09.076 INFO com.vmo.demowebshop.helper.Log] - Click book: Computing and Internet
[08-10-2023 15:11:09.924 INFO com.vmo.demowebshop.helper.Log] - Verify increase quantity after click the 1st book
[08-10-2023 15:11:09.992 INFO com.vmo.demowebshop.helper.Log] - Click book: Health Book
[08-10-2023 15:11:10.115 INFO com.vmo.demowebshop.helper.Log] - Verify increase quantity after click the 2nd book
[08-10-2023 15:11:10.404 INFO com.vmo.demowebshop.helper.Log] - ---------- TC02_BuyBookHighestRated FAILED test ----------
[08-10-2023 15:11:54.142 INFO com.vmo.demowebshop.helper.Log] - Enter URL
[08-10-2023 15:11:58.598 INFO com.vmo.demowebshop.helper.Log] - Click book: Computing and Internet
[08-10-2023 15:11:59.478 INFO com.vmo.demowebshop.helper.Log] - Verify increase quantity after click the 1st book
[08-10-2023 15:11:59.544 INFO com.vmo.demowebshop.helper.Log] - Click book: Health Book
[08-10-2023 15:11:59.610 INFO com.vmo.demowebshop.helper.Log] - Verify increase quantity after click the 2nd book
[08-10-2023 15:11:59.865 INFO com.vmo.demowebshop.helper.Log] - ---------- TC02_BuyBookHighestRated FAILED test ----------
[08-10-2023 15:13:40.823 INFO com.vmo.demowebshop.helper.Log] - Enter URL
[08-10-2023 15:13:45.595 INFO com.vmo.demowebshop.helper.Log] - Click book: Computing and Internet
[08-10-2023 15:13:46.083 INFO com.vmo.demowebshop.helper.Log] - Verify increase quantity after click the 1st book
[08-10-2023 15:13:46.207 INFO com.vmo.demowebshop.helper.Log] - Click book: Health Book
[08-10-2023 15:13:46.334 INFO com.vmo.demowebshop.helper.Log] - Verify increase quantity after click the 2nd book
[08-10-2023 15:13:46.634 INFO com.vmo.demowebshop.helper.Log] - ---------- TC02_BuyBookHighestRated FAILED test ----------
